<?xml version="1.0" encoding="UTF-8"?>
<!-- Generated by org.testng.reporters.JUnitXMLReporter -->
<testsuite hostname="kuldy" name="Test" tests="31" failures="1" timestamp="24 Apr 2019 06:59:05 GMT" time="483.033" errors="0">
  <testcase name="validateTitle" time="0.039" classname="com.crm.qa.testcasespack.LoginPageTest"/>
  <testcase name="validateLoginLogo" time="0.117" classname="com.crm.qa.testcasespack.LoginPageTest"/>
  <testcase name="validateRememberUserName" time="0.084" classname="com.crm.qa.testcasespack.LoginPageTest"/>
  <testcase name="validateLogin" time="6.718" classname="com.crm.qa.testcasespack.LoginPageTest"/>
  <testcase name="validateAddText" time="0.357" classname="com.crm.qa.testcasespack.HomePageTest"/>
  <testcase name="validateCalendarAndTasks" time="2.535" classname="com.crm.qa.testcasespack.HomePageTest"/>
  <testcase name="validateCases" time="2.551" classname="com.crm.qa.testcasespack.HomePageTest"/>
  <testcase name="validatePeopleAndOrganisations" time="2.452" classname="com.crm.qa.testcasespack.HomePageTest"/>
  <testcase name="validateSalesPipeline" time="2.768" classname="com.crm.qa.testcasespack.HomePageTest"/>
  <testcase name="validatedashBoardButton" time="0.413" classname="com.crm.qa.testcasespack.HomePageTest"/>
  <testcase name="submitAddTask" time="6.981" classname="com.crm.qa.testcasespack.AddTaskPageTest"/>
  <testcase name="submitAddTask" time="7.271" classname="com.crm.qa.testcasespack.AddTaskPageTest"/>
  <testcase name="submitAddTask" time="7.409" classname="com.crm.qa.testcasespack.AddTaskPageTest"/>
  <testcase name="validateAddTaskDate" time="5.011" classname="com.crm.qa.testcasespack.AddTaskPageTest"/>
  <testcase name="validateAddTaskDate" time="3.771" classname="com.crm.qa.testcasespack.AddTaskPageTest"/>
  <testcase name="validateAddTaskDate" time="3.198" classname="com.crm.qa.testcasespack.AddTaskPageTest"/>
  <testcase name="validateAddTaskDescription" time="3.415" classname="com.crm.qa.testcasespack.AddTaskPageTest"/>
  <testcase name="validateAddTaskDescription" time="3.637" classname="com.crm.qa.testcasespack.AddTaskPageTest"/>
  <testcase name="validateAddTaskDescription" time="2.769" classname="com.crm.qa.testcasespack.AddTaskPageTest"/>
  <testcase name="deleteTask" time="4.321" classname="com.crm.qa.testcasespack.AddTaskPageTest"/>
  <testcase name="deleteTask" time="8.118" classname="com.crm.qa.testcasespack.AddTaskPageTest">
    <failure type="org.openqa.selenium.WebDriverException" message="unknown error: Element &amp;lt;button id=&amp;quot;ember431&amp;quot; class=&amp;quot;async-button ember-view task-modal-delete-button&amp;quot; type=&amp;quot;button&amp;quot;&amp;gt;...&amp;lt;/button&amp;gt; is not clickable at point (874, 555). Other element would receive the click: &amp;lt;li role=&amp;quot;button&amp;quot; value=&amp;quot;...&amp;quot; class=&amp;quot;wootric-visible&amp;quot;&amp;gt;9&amp;lt;/li&amp;gt;
  (Session info: chrome=73.0.3683.103)
  (Driver info: chromedriver=2.42.591088 (7b2b2dca23cca0862f674758c9a3933e685c27d5),platform=Windows NT 6.3.9600 x86_64) (WARNING: The server did not provide any stacktrace information)
Command duration or timeout: 0 milliseconds
Build info: version: &amp;apos;3.14.0&amp;apos;, revision: &amp;apos;aacccce0&amp;apos;, time: &amp;apos;2018-08-02T20:19:58.91Z&amp;apos;
System info: host: &amp;apos;KULDY&amp;apos;, ip: &amp;apos;192.168.0.143&amp;apos;, os.name: &amp;apos;Windows 8.1&amp;apos;, os.arch: &amp;apos;amd64&amp;apos;, os.version: &amp;apos;6.3&amp;apos;, java.version: &amp;apos;1.8.0_201&amp;apos;
Driver info: org.openqa.selenium.chrome.ChromeDriver
Capabilities {acceptInsecureCerts: false, acceptSslCerts: false, applicationCacheEnabled: false, browserConnectionEnabled: false, browserName: chrome, chrome: {chromedriverVersion: 2.42.591088 (7b2b2dca23cca0..., userDataDir: C:\Users\kullu\AppData\Loca...}, cssSelectorsEnabled: true, databaseEnabled: false, goog:chromeOptions: {debuggerAddress: localhost:50634}, handlesAlerts: true, hasTouchScreen: false, javascriptEnabled: true, locationContextEnabled: true, mobileEmulationEnabled: false, nativeEvents: true, networkConnectionEnabled: false, pageLoadStrategy: normal, platform: XP, platformName: XP, rotatable: false, setWindowRect: true, takesHeapSnapshot: true, takesScreenshot: true, unexpectedAlertBehaviour: , unhandledPromptBehavior: , version: 73.0.3683.103, webStorageEnabled: true}
Session ID: e60829f1ee5d0d8ed2840851de6a4622">
      <![CDATA[org.openqa.selenium.WebDriverException: unknown error: Element <button id="ember431" class="async-button ember-view task-modal-delete-button" type="button">...</button> is not clickable at point (874, 555). Other element would receive the click: <li role="button" value="..." class="wootric-visible">9</li>
  (Session info: chrome=73.0.3683.103)
  (Driver info: chromedriver=2.42.591088 (7b2b2dca23cca0862f674758c9a3933e685c27d5),platform=Windows NT 6.3.9600 x86_64) (WARNING: The server did not provide any stacktrace information)
Command duration or timeout: 0 milliseconds
Build info: version: '3.14.0', revision: 'aacccce0', time: '2018-08-02T20:19:58.91Z'
System info: host: 'KULDY', ip: '192.168.0.143', os.name: 'Windows 8.1', os.arch: 'amd64', os.version: '6.3', java.version: '1.8.0_201'
Driver info: org.openqa.selenium.chrome.ChromeDriver
Capabilities {acceptInsecureCerts: false, acceptSslCerts: false, applicationCacheEnabled: false, browserConnectionEnabled: false, browserName: chrome, chrome: {chromedriverVersion: 2.42.591088 (7b2b2dca23cca0..., userDataDir: C:\Users\kullu\AppData\Loca...}, cssSelectorsEnabled: true, databaseEnabled: false, goog:chromeOptions: {debuggerAddress: localhost:50634}, handlesAlerts: true, hasTouchScreen: false, javascriptEnabled: true, locationContextEnabled: true, mobileEmulationEnabled: false, nativeEvents: true, networkConnectionEnabled: false, pageLoadStrategy: normal, platform: XP, platformName: XP, rotatable: false, setWindowRect: true, takesHeapSnapshot: true, takesScreenshot: true, unexpectedAlertBehaviour: , unhandledPromptBehavior: , version: 73.0.3683.103, webStorageEnabled: true}
Session ID: e60829f1ee5d0d8ed2840851de6a4622
	at org.openqa.selenium.remote.ErrorHandler.createThrowable(ErrorHandler.java:214)
	at org.openqa.selenium.remote.ErrorHandler.throwIfResponseFailed(ErrorHandler.java:166)
	at org.openqa.selenium.remote.http.JsonHttpResponseCodec.reconstructValue(JsonHttpResponseCodec.java:40)
	at org.openqa.selenium.remote.http.AbstractHttpResponseCodec.decode(AbstractHttpResponseCodec.java:80)
	at org.openqa.selenium.remote.http.AbstractHttpResponseCodec.decode(AbstractHttpResponseCodec.java:44)
	at org.openqa.selenium.remote.HttpCommandExecutor.execute(HttpCommandExecutor.java:158)
	at org.openqa.selenium.remote.service.DriverCommandExecutor.execute(DriverCommandExecutor.java:83)
	at org.openqa.selenium.remote.RemoteWebDriver.execute(RemoteWebDriver.java:548)
	at org.openqa.selenium.remote.RemoteWebElement.execute(RemoteWebElement.java:276)
	at org.openqa.selenium.remote.RemoteWebElement.click(RemoteWebElement.java:83)
	at org.openqa.selenium.support.pagefactory.internal.LocatingElementHandler.invoke(LocatingElementHandler.java:51)
	at com.sun.proxy.$Proxy10.click(Unknown Source)
	at com.crm.qa.pagespack.EditTask.deleteAddTask(EditTask.java:16)
	at com.crm.qa.testcasespack.AddTaskPageTest.deleteTask(AddTaskPageTest.java:67)
... Removed 31 stack frames]]>
    </failure>
  </testcase> <!-- deleteTask -->
  <testcase name="deleteTask" time="3.711" classname="com.crm.qa.testcasespack.AddTaskPageTest"/>
  <testcase name="validateAddPerson" time="4.936" classname="com.crm.qa.testcasespack.PeopleAndOrganisationsTest"/>
  <testcase name="addNewPersonTest" time="14.596" classname="com.crm.qa.testcasespack.PeopleAndOrganisationsTest"/>
  <testcase name="addNewPersonTest" time="12.947" classname="com.crm.qa.testcasespack.PeopleAndOrganisationsTest"/>
  <testcase name="addNewPersonTest" time="13.051" classname="com.crm.qa.testcasespack.PeopleAndOrganisationsTest"/>
  <testcase name="addNewPersonTest" time="13.132" classname="com.crm.qa.testcasespack.PeopleAndOrganisationsTest"/>
  <testcase name="deletePersonTest" time="3.355" classname="com.crm.qa.testcasespack.PeopleAndOrganisationsTest"/>
  <testcase name="deletePersonTest" time="2.011" classname="com.crm.qa.testcasespack.PeopleAndOrganisationsTest"/>
  <testcase name="deletePersonTest" time="2.874" classname="com.crm.qa.testcasespack.PeopleAndOrganisationsTest"/>
  <testcase name="deletePersonTest" time="2.889" classname="com.crm.qa.testcasespack.PeopleAndOrganisationsTest"/>
</testsuite> <!-- Test -->
