<html>
<head>
<title>TestNG:  Test</title>
<link href="../testng.css" rel="stylesheet" type="text/css" />
<link href="../my-testng.css" rel="stylesheet" type="text/css" />

<style type="text/css">
.log { display: none;} 
.stack-trace { display: none;} 
</style>
<script type="text/javascript">
<!--
function flip(e) {
  current = e.style.display;
  if (current == 'block') {
    e.style.display = 'none';
    return 0;
  }
  else {
    e.style.display = 'block';
    return 1;
  }
}

function toggleBox(szDivId, elem, msg1, msg2)
{
  var res = -1;  if (document.getElementById) {
    res = flip(document.getElementById(szDivId));
  }
  else if (document.all) {
    // this is the way old msie versions work
    res = flip(document.all[szDivId]);
  }
  if(elem) {
    if(res == 0) elem.innerHTML = msg1; else elem.innerHTML = msg2;
  }

}

function toggleAllBoxes() {
  if (document.getElementsByTagName) {
    d = document.getElementsByTagName('div');
    for (i = 0; i < d.length; i++) {
      if (d[i].className == 'log') {
        flip(d[i]);
      }
    }
  }
}

// -->
</script>

</head>
<body>
<h2 align='center'>Test</h2><table border='1' align="center">
<tr>
<td>Tests passed/Failed/Skipped:</td><td>30/1/0</td>
</tr><tr>
<td>Started on:</td><td>Wed Apr 24 12:21:02 IST 2019</td>
</tr>
<tr><td>Total time:</td><td>483 seconds (483033 ms)</td>
</tr><tr>
<td>Included groups:</td><td></td>
</tr><tr>
<td>Excluded groups:</td><td></td>
</tr>
</table><p/>
<small><i>(Hover the method name to see the test class name)</i></small><p/>
<table width='100%' border='1' class='invocation-failed'>
<tr><td colspan='4' align='center'><b>FAILED TESTS</b></td></tr>
<tr><td><b>Test method</b></td>
<td width="30%"><b>Exception</b></td>
<td width="10%"><b>Time (seconds)</b></td>
<td><b>Instance</b></td>
</tr>
<tr>
<td title='com.crm.qa.testcasespack.AddTaskPageTest.deleteTask()'><b>deleteTask</b><br>Test class: com.crm.qa.testcasespack.AddTaskPageTest<br>Parameters: rama, 24-Oct-2019, 6.0, 10.0, Email</td>
<td><div><pre>org.openqa.selenium.WebDriverException: unknown error: Element &lt;button id=&quot;ember431&quot; class=&quot;async-button ember-view task-modal-delete-button&quot; type=&quot;button&quot;&gt;...&lt;/button&gt; is not clickable at point (874, 555). Other element would receive the click: &lt;li role=&quot;button&quot; value=&quot;...&quot; class=&quot;wootric-visible&quot;&gt;9&lt;/li&gt;
  (Session info: chrome=73.0.3683.103)
  (Driver info: chromedriver=2.42.591088 (7b2b2dca23cca0862f674758c9a3933e685c27d5),platform=Windows NT 6.3.9600 x86_64) (WARNING: The server did not provide any stacktrace information)
Command duration or timeout: 0 milliseconds
Build info: version: &apos;3.14.0&apos;, revision: &apos;aacccce0&apos;, time: &apos;2018-08-02T20:19:58.91Z&apos;
System info: host: &apos;KULDY&apos;, ip: &apos;192.168.0.143&apos;, os.name: &apos;Windows 8.1&apos;, os.arch: &apos;amd64&apos;, os.version: &apos;6.3&apos;, java.version: &apos;1.8.0_201&apos;
Driver info: org.openqa.selenium.chrome.ChromeDriver
Capabilities {acceptInsecureCerts: false, acceptSslCerts: false, applicationCacheEnabled: false, browserConnectionEnabled: false, browserName: chrome, chrome: {chromedriverVersion: 2.42.591088 (7b2b2dca23cca0..., userDataDir: C:\Users\kullu\AppData\Loca...}, cssSelectorsEnabled: true, databaseEnabled: false, goog:chromeOptions: {debuggerAddress: localhost:50634}, handlesAlerts: true, hasTouchScreen: false, javascriptEnabled: true, locationContextEnabled: true, mobileEmulationEnabled: false, nativeEvents: true, networkConnectionEnabled: false, pageLoadStrategy: normal, platform: XP, platformName: XP, rotatable: false, setWindowRect: true, takesHeapSnapshot: true, takesScreenshot: true, unexpectedAlertBehaviour: , unhandledPromptBehavior: , version: 73.0.3683.103, webStorageEnabled: true}
Session ID: e60829f1ee5d0d8ed2840851de6a4622
	at org.openqa.selenium.remote.ErrorHandler.createThrowable(ErrorHandler.java:214)
	at org.openqa.selenium.remote.ErrorHandler.throwIfResponseFailed(ErrorHandler.java:166)
	at org.openqa.selenium.remote.http.JsonHttpResponseCodec.reconstructValue(JsonHttpResponseCodec.java:40)
	at org.openqa.selenium.remote.http.AbstractHttpResponseCodec.decode(AbstractHttpResponseCodec.java:80)
	at org.openqa.selenium.remote.http.AbstractHttpResponseCodec.decode(AbstractHttpResponseCodec.java:44)
	at org.openqa.selenium.remote.HttpCommandExecutor.execute(HttpCommandExecutor.java:158)
	at org.openqa.selenium.remote.service.DriverCommandExecutor.execute(DriverCommandExecutor.java:83)
	at org.openqa.selenium.remote.RemoteWebDriver.execute(RemoteWebDriver.java:548)
	at org.openqa.selenium.remote.RemoteWebElement.execute(RemoteWebElement.java:276)
	at org.openqa.selenium.remote.RemoteWebElement.click(RemoteWebElement.java:83)
	at org.openqa.selenium.support.pagefactory.internal.LocatingElementHandler.invoke(LocatingElementHandler.java:51)
	at com.sun.proxy.$Proxy10.click(Unknown Source)
	at com.crm.qa.pagespack.EditTask.deleteAddTask(EditTask.java:16)
	at com.crm.qa.testcasespack.AddTaskPageTest.deleteTask(AddTaskPageTest.java:67)
... Removed 31 stack frames</pre></div><a href='#' onClick='toggleBox("stack-trace855206842", this, "Click to show all stack frames", "Click to hide stack frames")'>Click to show all stack frames</a>
<div class='stack-trace' id='stack-trace855206842'><pre>org.openqa.selenium.WebDriverException: unknown error: Element &lt;button id=&quot;ember431&quot; class=&quot;async-button ember-view task-modal-delete-button&quot; type=&quot;button&quot;&gt;...&lt;/button&gt; is not clickable at point (874, 555). Other element would receive the click: &lt;li role=&quot;button&quot; value=&quot;...&quot; class=&quot;wootric-visible&quot;&gt;9&lt;/li&gt;
  (Session info: chrome=73.0.3683.103)
  (Driver info: chromedriver=2.42.591088 (7b2b2dca23cca0862f674758c9a3933e685c27d5),platform=Windows NT 6.3.9600 x86_64) (WARNING: The server did not provide any stacktrace information)
Command duration or timeout: 0 milliseconds
Build info: version: &apos;3.14.0&apos;, revision: &apos;aacccce0&apos;, time: &apos;2018-08-02T20:19:58.91Z&apos;
System info: host: &apos;KULDY&apos;, ip: &apos;192.168.0.143&apos;, os.name: &apos;Windows 8.1&apos;, os.arch: &apos;amd64&apos;, os.version: &apos;6.3&apos;, java.version: &apos;1.8.0_201&apos;
Driver info: org.openqa.selenium.chrome.ChromeDriver
Capabilities {acceptInsecureCerts: false, acceptSslCerts: false, applicationCacheEnabled: false, browserConnectionEnabled: false, browserName: chrome, chrome: {chromedriverVersion: 2.42.591088 (7b2b2dca23cca0..., userDataDir: C:\Users\kullu\AppData\Loca...}, cssSelectorsEnabled: true, databaseEnabled: false, goog:chromeOptions: {debuggerAddress: localhost:50634}, handlesAlerts: true, hasTouchScreen: false, javascriptEnabled: true, locationContextEnabled: true, mobileEmulationEnabled: false, nativeEvents: true, networkConnectionEnabled: false, pageLoadStrategy: normal, platform: XP, platformName: XP, rotatable: false, setWindowRect: true, takesHeapSnapshot: true, takesScreenshot: true, unexpectedAlertBehaviour: , unhandledPromptBehavior: , version: 73.0.3683.103, webStorageEnabled: true}
Session ID: e60829f1ee5d0d8ed2840851de6a4622
	at sun.reflect.NativeConstructorAccessorImpl.newInstance0(Native Method)
	at sun.reflect.NativeConstructorAccessorImpl.newInstance(Unknown Source)
	at sun.reflect.DelegatingConstructorAccessorImpl.newInstance(Unknown Source)
	at java.lang.reflect.Constructor.newInstance(Unknown Source)
	at org.openqa.selenium.remote.ErrorHandler.createThrowable(ErrorHandler.java:214)
	at org.openqa.selenium.remote.ErrorHandler.throwIfResponseFailed(ErrorHandler.java:166)
	at org.openqa.selenium.remote.http.JsonHttpResponseCodec.reconstructValue(JsonHttpResponseCodec.java:40)
	at org.openqa.selenium.remote.http.AbstractHttpResponseCodec.decode(AbstractHttpResponseCodec.java:80)
	at org.openqa.selenium.remote.http.AbstractHttpResponseCodec.decode(AbstractHttpResponseCodec.java:44)
	at org.openqa.selenium.remote.HttpCommandExecutor.execute(HttpCommandExecutor.java:158)
	at org.openqa.selenium.remote.service.DriverCommandExecutor.execute(DriverCommandExecutor.java:83)
	at org.openqa.selenium.remote.RemoteWebDriver.execute(RemoteWebDriver.java:548)
	at org.openqa.selenium.remote.RemoteWebElement.execute(RemoteWebElement.java:276)
	at org.openqa.selenium.remote.RemoteWebElement.click(RemoteWebElement.java:83)
	at sun.reflect.GeneratedMethodAccessor2.invoke(Unknown Source)
	at sun.reflect.DelegatingMethodAccessorImpl.invoke(Unknown Source)
	at java.lang.reflect.Method.invoke(Unknown Source)
	at org.openqa.selenium.support.pagefactory.internal.LocatingElementHandler.invoke(LocatingElementHandler.java:51)
	at com.sun.proxy.$Proxy10.click(Unknown Source)
	at com.crm.qa.pagespack.EditTask.deleteAddTask(EditTask.java:16)
	at com.crm.qa.testcasespack.AddTaskPageTest.deleteTask(AddTaskPageTest.java:67)
	at sun.reflect.NativeMethodAccessorImpl.invoke0(Native Method)
	at sun.reflect.NativeMethodAccessorImpl.invoke(Unknown Source)
	at sun.reflect.DelegatingMethodAccessorImpl.invoke(Unknown Source)
	at java.lang.reflect.Method.invoke(Unknown Source)
	at org.testng.internal.MethodInvocationHelper.invokeMethod(MethodInvocationHelper.java:86)
	at org.testng.internal.Invoker.invokeMethod(Invoker.java:645)
	at org.testng.internal.Invoker.invokeTestMethod(Invoker.java:822)
	at org.testng.internal.Invoker.invokeTestMethods(Invoker.java:1130)
	at org.testng.internal.TestMethodWorker.invokeTestMethods(TestMethodWorker.java:129)
	at org.testng.internal.TestMethodWorker.run(TestMethodWorker.java:112)
	at org.testng.TestRunner.privateRun(TestRunner.java:782)
	at org.testng.TestRunner.run(TestRunner.java:632)
	at org.testng.SuiteRunner.runTest(SuiteRunner.java:366)
	at org.testng.SuiteRunner.runSequentially(SuiteRunner.java:361)
	at org.testng.SuiteRunner.privateRun(SuiteRunner.java:319)
	at org.testng.SuiteRunner.run(SuiteRunner.java:268)
	at org.testng.SuiteRunnerWorker.runSuite(SuiteRunnerWorker.java:52)
	at org.testng.SuiteRunnerWorker.run(SuiteRunnerWorker.java:86)
	at org.testng.TestNG.runSuitesSequentially(TestNG.java:1244)
	at org.testng.TestNG.runSuitesLocally(TestNG.java:1169)
	at org.testng.TestNG.run(TestNG.java:1064)
	at org.testng.remote.RemoteTestNG.run(RemoteTestNG.java:113)
	at org.testng.remote.RemoteTestNG.initAndRun(RemoteTestNG.java:206)
	at org.testng.remote.RemoteTestNG.main(RemoteTestNG.java:177)
</pre></div></td>
<td>8</td>
<td>com.crm.qa.testcasespack.AddTaskPageTest@6bdf28bb</td></tr>
</table><p>
<table width='100%' border='1' class='invocation-passed'>
<tr><td colspan='4' align='center'><b>PASSED TESTS</b></td></tr>
<tr><td><b>Test method</b></td>
<td width="30%"><b>Exception</b></td>
<td width="10%"><b>Time (seconds)</b></td>
<td><b>Instance</b></td>
</tr>
<tr>
<td title='com.crm.qa.testcasespack.PeopleAndOrganisationsTest.addNewPersonTest()'><b>addNewPersonTest</b><br>Test class: com.crm.qa.testcasespack.PeopleAndOrganisationsTest<br>Parameters: Dr, ramesh, yadav, master, school, guruji, M9898989801, abc1@test, www.abc1.com, puliya No 420</td>
<td></td>
<td>14</td>
<td>com.crm.qa.testcasespack.PeopleAndOrganisationsTest@e580929</td></tr>
<tr>
<td title='com.crm.qa.testcasespack.PeopleAndOrganisationsTest.addNewPersonTest()'><b>addNewPersonTest</b><br>Test class: com.crm.qa.testcasespack.PeopleAndOrganisationsTest<br>Parameters: Prof, mukesh, malhotra, carpenter, aara machin, karigar, M9898989802, abc2@test, www.abc2.com, puliya No 421</td>
<td></td>
<td>12</td>
<td>com.crm.qa.testcasespack.PeopleAndOrganisationsTest@e580929</td></tr>
<tr>
<td title='com.crm.qa.testcasespack.PeopleAndOrganisationsTest.addNewPersonTest()'><b>addNewPersonTest</b><br>Test class: com.crm.qa.testcasespack.PeopleAndOrganisationsTest<br>Parameters: Miss, piku, nautanki, madari, circus, jadugar, M9898989803, abc3@test, www.abc3.com, puliya No 422</td>
<td></td>
<td>13</td>
<td>com.crm.qa.testcasespack.PeopleAndOrganisationsTest@e580929</td></tr>
<tr>
<td title='com.crm.qa.testcasespack.PeopleAndOrganisationsTest.addNewPersonTest()'><b>addNewPersonTest</b><br>Test class: com.crm.qa.testcasespack.PeopleAndOrganisationsTest<br>Parameters: Mrs, kaka, singh, budaau, purani madai, khalihar, M9898989804, abc4@test, www.abc4.com, puliya No 423</td>
<td></td>
<td>13</td>
<td>com.crm.qa.testcasespack.PeopleAndOrganisationsTest@e580929</td></tr>
<tr>
<td title='com.crm.qa.testcasespack.PeopleAndOrganisationsTest.deletePersonTest()'><b>deletePersonTest</b><br>Test class: com.crm.qa.testcasespack.PeopleAndOrganisationsTest<br>Parameters: Dr, ramesh, yadav, master, school, guruji, M9898989801, abc1@test, www.abc1.com, puliya No 420</td>
<td></td>
<td>3</td>
<td>com.crm.qa.testcasespack.PeopleAndOrganisationsTest@e580929</td></tr>
<tr>
<td title='com.crm.qa.testcasespack.PeopleAndOrganisationsTest.deletePersonTest()'><b>deletePersonTest</b><br>Test class: com.crm.qa.testcasespack.PeopleAndOrganisationsTest<br>Parameters: Prof, mukesh, malhotra, carpenter, aara machin, karigar, M9898989802, abc2@test, www.abc2.com, puliya No 421</td>
<td></td>
<td>2</td>
<td>com.crm.qa.testcasespack.PeopleAndOrganisationsTest@e580929</td></tr>
<tr>
<td title='com.crm.qa.testcasespack.PeopleAndOrganisationsTest.deletePersonTest()'><b>deletePersonTest</b><br>Test class: com.crm.qa.testcasespack.PeopleAndOrganisationsTest<br>Parameters: Miss, piku, nautanki, madari, circus, jadugar, M9898989803, abc3@test, www.abc3.com, puliya No 422</td>
<td></td>
<td>2</td>
<td>com.crm.qa.testcasespack.PeopleAndOrganisationsTest@e580929</td></tr>
<tr>
<td title='com.crm.qa.testcasespack.PeopleAndOrganisationsTest.deletePersonTest()'><b>deletePersonTest</b><br>Test class: com.crm.qa.testcasespack.PeopleAndOrganisationsTest<br>Parameters: Mrs, kaka, singh, budaau, purani madai, khalihar, M9898989804, abc4@test, www.abc4.com, puliya No 423</td>
<td></td>
<td>2</td>
<td>com.crm.qa.testcasespack.PeopleAndOrganisationsTest@e580929</td></tr>
<tr>
<td title='com.crm.qa.testcasespack.AddTaskPageTest.deleteTask()'><b>deleteTask</b><br>Test class: com.crm.qa.testcasespack.AddTaskPageTest<br>Parameters: rahul, 23-Dec-2019, 11.0, 5.0, Call</td>
<td></td>
<td>4</td>
<td>com.crm.qa.testcasespack.AddTaskPageTest@6bdf28bb</td></tr>
<tr>
<td title='com.crm.qa.testcasespack.AddTaskPageTest.deleteTask()'><b>deleteTask</b><br>Test class: com.crm.qa.testcasespack.AddTaskPageTest<br>Parameters: hanu, 18-Nov-2019, 18.0, 15.0, Milestone</td>
<td></td>
<td>3</td>
<td>com.crm.qa.testcasespack.AddTaskPageTest@6bdf28bb</td></tr>
<tr>
<td title='com.crm.qa.testcasespack.AddTaskPageTest.submitAddTask()'><b>submitAddTask</b><br>Test class: com.crm.qa.testcasespack.AddTaskPageTest<br>Parameters: rahul, 23-Dec-2019, 11.0, 5.0, Call</td>
<td></td>
<td>6</td>
<td>com.crm.qa.testcasespack.AddTaskPageTest@6bdf28bb</td></tr>
<tr>
<td title='com.crm.qa.testcasespack.AddTaskPageTest.submitAddTask()'><b>submitAddTask</b><br>Test class: com.crm.qa.testcasespack.AddTaskPageTest<br>Parameters: rama, 24-Oct-2019, 6.0, 10.0, Email</td>
<td></td>
<td>7</td>
<td>com.crm.qa.testcasespack.AddTaskPageTest@6bdf28bb</td></tr>
<tr>
<td title='com.crm.qa.testcasespack.AddTaskPageTest.submitAddTask()'><b>submitAddTask</b><br>Test class: com.crm.qa.testcasespack.AddTaskPageTest<br>Parameters: hanu, 18-Nov-2019, 18.0, 15.0, Milestone</td>
<td></td>
<td>7</td>
<td>com.crm.qa.testcasespack.AddTaskPageTest@6bdf28bb</td></tr>
<tr>
<td title='com.crm.qa.testcasespack.PeopleAndOrganisationsTest.validateAddPerson()'><b>validateAddPerson</b><br>Test class: com.crm.qa.testcasespack.PeopleAndOrganisationsTest</td>
<td></td>
<td>4</td>
<td>com.crm.qa.testcasespack.PeopleAndOrganisationsTest@e580929</td></tr>
<tr>
<td title='com.crm.qa.testcasespack.AddTaskPageTest.validateAddTaskDate()'><b>validateAddTaskDate</b><br>Test class: com.crm.qa.testcasespack.AddTaskPageTest<br>Parameters: rahul, 23-Dec-2019, 11.0, 5.0, Call</td>
<td></td>
<td>5</td>
<td>com.crm.qa.testcasespack.AddTaskPageTest@6bdf28bb</td></tr>
<tr>
<td title='com.crm.qa.testcasespack.AddTaskPageTest.validateAddTaskDate()'><b>validateAddTaskDate</b><br>Test class: com.crm.qa.testcasespack.AddTaskPageTest<br>Parameters: rama, 24-Oct-2019, 6.0, 10.0, Email</td>
<td></td>
<td>3</td>
<td>com.crm.qa.testcasespack.AddTaskPageTest@6bdf28bb</td></tr>
<tr>
<td title='com.crm.qa.testcasespack.AddTaskPageTest.validateAddTaskDate()'><b>validateAddTaskDate</b><br>Test class: com.crm.qa.testcasespack.AddTaskPageTest<br>Parameters: hanu, 18-Nov-2019, 18.0, 15.0, Milestone</td>
<td></td>
<td>3</td>
<td>com.crm.qa.testcasespack.AddTaskPageTest@6bdf28bb</td></tr>
<tr>
<td title='com.crm.qa.testcasespack.AddTaskPageTest.validateAddTaskDescription()'><b>validateAddTaskDescription</b><br>Test class: com.crm.qa.testcasespack.AddTaskPageTest<br>Parameters: rahul, 23-Dec-2019, 11.0, 5.0, Call</td>
<td></td>
<td>3</td>
<td>com.crm.qa.testcasespack.AddTaskPageTest@6bdf28bb</td></tr>
<tr>
<td title='com.crm.qa.testcasespack.AddTaskPageTest.validateAddTaskDescription()'><b>validateAddTaskDescription</b><br>Test class: com.crm.qa.testcasespack.AddTaskPageTest<br>Parameters: rama, 24-Oct-2019, 6.0, 10.0, Email</td>
<td></td>
<td>3</td>
<td>com.crm.qa.testcasespack.AddTaskPageTest@6bdf28bb</td></tr>
<tr>
<td title='com.crm.qa.testcasespack.AddTaskPageTest.validateAddTaskDescription()'><b>validateAddTaskDescription</b><br>Test class: com.crm.qa.testcasespack.AddTaskPageTest<br>Parameters: hanu, 18-Nov-2019, 18.0, 15.0, Milestone</td>
<td></td>
<td>2</td>
<td>com.crm.qa.testcasespack.AddTaskPageTest@6bdf28bb</td></tr>
<tr>
<td title='com.crm.qa.testcasespack.HomePageTest.validateAddText()'><b>validateAddText</b><br>Test class: com.crm.qa.testcasespack.HomePageTest</td>
<td></td>
<td>0</td>
<td>com.crm.qa.testcasespack.HomePageTest@2d209079</td></tr>
<tr>
<td title='com.crm.qa.testcasespack.HomePageTest.validateCalendarAndTasks()'><b>validateCalendarAndTasks</b><br>Test class: com.crm.qa.testcasespack.HomePageTest</td>
<td></td>
<td>2</td>
<td>com.crm.qa.testcasespack.HomePageTest@2d209079</td></tr>
<tr>
<td title='com.crm.qa.testcasespack.HomePageTest.validateCases()'><b>validateCases</b><br>Test class: com.crm.qa.testcasespack.HomePageTest</td>
<td></td>
<td>2</td>
<td>com.crm.qa.testcasespack.HomePageTest@2d209079</td></tr>
<tr>
<td title='com.crm.qa.testcasespack.LoginPageTest.validateLogin()'><b>validateLogin</b><br>Test class: com.crm.qa.testcasespack.LoginPageTest</td>
<td></td>
<td>6</td>
<td>com.crm.qa.testcasespack.LoginPageTest@2f7c7260</td></tr>
<tr>
<td title='com.crm.qa.testcasespack.LoginPageTest.validateLoginLogo()'><b>validateLoginLogo</b><br>Test class: com.crm.qa.testcasespack.LoginPageTest</td>
<td></td>
<td>0</td>
<td>com.crm.qa.testcasespack.LoginPageTest@2f7c7260</td></tr>
<tr>
<td title='com.crm.qa.testcasespack.HomePageTest.validatePeopleAndOrganisations()'><b>validatePeopleAndOrganisations</b><br>Test class: com.crm.qa.testcasespack.HomePageTest</td>
<td></td>
<td>2</td>
<td>com.crm.qa.testcasespack.HomePageTest@2d209079</td></tr>
<tr>
<td title='com.crm.qa.testcasespack.LoginPageTest.validateRememberUserName()'><b>validateRememberUserName</b><br>Test class: com.crm.qa.testcasespack.LoginPageTest</td>
<td></td>
<td>0</td>
<td>com.crm.qa.testcasespack.LoginPageTest@2f7c7260</td></tr>
<tr>
<td title='com.crm.qa.testcasespack.HomePageTest.validateSalesPipeline()'><b>validateSalesPipeline</b><br>Test class: com.crm.qa.testcasespack.HomePageTest</td>
<td></td>
<td>2</td>
<td>com.crm.qa.testcasespack.HomePageTest@2d209079</td></tr>
<tr>
<td title='com.crm.qa.testcasespack.LoginPageTest.validateTitle()'><b>validateTitle</b><br>Test class: com.crm.qa.testcasespack.LoginPageTest</td>
<td></td>
<td>0</td>
<td>com.crm.qa.testcasespack.LoginPageTest@2f7c7260</td></tr>
<tr>
<td title='com.crm.qa.testcasespack.HomePageTest.validatedashBoardButton()'><b>validatedashBoardButton</b><br>Test class: com.crm.qa.testcasespack.HomePageTest</td>
<td></td>
<td>0</td>
<td>com.crm.qa.testcasespack.HomePageTest@2d209079</td></tr>
</table><p>
</body>
</html>