<html>
<head>
<title>TestNG:  Test</title>
<link href="../testng.css" rel="stylesheet" type="text/css" />
<link href="../my-testng.css" rel="stylesheet" type="text/css" />

<style type="text/css">
.log { display: none;} 
.stack-trace { display: none;} 
</style>
<script type="text/javascript">
<!--
function flip(e) {
  current = e.style.display;
  if (current == 'block') {
    e.style.display = 'none';
    return 0;
  }
  else {
    e.style.display = 'block';
    return 1;
  }
}

function toggleBox(szDivId, elem, msg1, msg2)
{
  var res = -1;  if (document.getElementById) {
    res = flip(document.getElementById(szDivId));
  }
  else if (document.all) {
    // this is the way old msie versions work
    res = flip(document.all[szDivId]);
  }
  if(elem) {
    if(res == 0) elem.innerHTML = msg1; else elem.innerHTML = msg2;
  }

}

function toggleAllBoxes() {
  if (document.getElementsByTagName) {
    d = document.getElementsByTagName('div');
    for (i = 0; i < d.length; i++) {
      if (d[i].className == 'log') {
        flip(d[i]);
      }
    }
  }
}

// -->
</script>

</head>
<body>
<h2 align='center'>Test</h2><table border='1' align="center">
<tr>
<td>Tests passed/Failed/Skipped:</td><td>13/1/0</td>
</tr><tr>
<td>Started on:</td><td>Thu Mar 14 17:34:20 IST 2019</td>
</tr>
<tr><td>Total time:</td><td>304 seconds (304792 ms)</td>
</tr><tr>
<td>Included groups:</td><td></td>
</tr><tr>
<td>Excluded groups:</td><td></td>
</tr>
</table><p/>
<small><i>(Hover the method name to see the test class name)</i></small><p/>
<table width='100%' border='1' class='invocation-failed'>
<tr><td colspan='4' align='center'><b>FAILED TESTS</b></td></tr>
<tr><td><b>Test method</b></td>
<td width="30%"><b>Exception</b></td>
<td width="10%"><b>Time (seconds)</b></td>
<td><b>Instance</b></td>
</tr>
<tr>
<td title='com.crm.qa.testcasespack.AddTaskPageTest.submitAddTask()'><b>submitAddTask</b><br>Test class: com.crm.qa.testcasespack.AddTaskPageTest<br>Parameters: hanu, 18-Nov-2019, 18.0, 15.0, Milestone</td>
<td><div><pre>org.openqa.selenium.NoSuchElementException: no such element: Unable to locate element: {&quot;method&quot;:&quot;xpath&quot;,&quot;selector&quot;:&quot;//button[contains(text(),&apos;Add Task&apos;)]&quot;}
  (Session info: chrome=72.0.3626.121)
  (Driver info: chromedriver=2.42.591088 (7b2b2dca23cca0862f674758c9a3933e685c27d5),platform=Windows NT 6.3.9600 x86_64) (WARNING: The server did not provide any stacktrace information)
Command duration or timeout: 0 milliseconds
For documentation on this error, please visit: http://seleniumhq.org/exceptions/no_such_element.html
Build info: version: &apos;3.14.0&apos;, revision: &apos;aacccce0&apos;, time: &apos;2018-08-02T20:19:58.91Z&apos;
System info: host: &apos;KULDY&apos;, ip: &apos;192.168.0.102&apos;, os.name: &apos;Windows 8.1&apos;, os.arch: &apos;amd64&apos;, os.version: &apos;6.3&apos;, java.version: &apos;1.8.0_201&apos;
Driver info: org.openqa.selenium.chrome.ChromeDriver
Capabilities {acceptInsecureCerts: false, acceptSslCerts: false, applicationCacheEnabled: false, browserConnectionEnabled: false, browserName: chrome, chrome: {chromedriverVersion: 2.42.591088 (7b2b2dca23cca0..., userDataDir: C:\Windows\TEMP\scoped_dir3...}, cssSelectorsEnabled: true, databaseEnabled: false, goog:chromeOptions: {debuggerAddress: localhost:51169}, handlesAlerts: true, hasTouchScreen: false, javascriptEnabled: true, locationContextEnabled: true, mobileEmulationEnabled: false, nativeEvents: true, networkConnectionEnabled: false, pageLoadStrategy: normal, platform: XP, platformName: XP, rotatable: false, setWindowRect: true, takesHeapSnapshot: true, takesScreenshot: true, unexpectedAlertBehaviour: , unhandledPromptBehavior: , version: 72.0.3626.121, webStorageEnabled: true}
Session ID: 097cd494149479c704775a9d1d2ba1c9
*** Element info: {Using=xpath, value=//button[contains(text(),&apos;Add Task&apos;)]}
	at org.openqa.selenium.remote.ErrorHandler.createThrowable(ErrorHandler.java:214)
	at org.openqa.selenium.remote.ErrorHandler.throwIfResponseFailed(ErrorHandler.java:166)
	at org.openqa.selenium.remote.http.JsonHttpResponseCodec.reconstructValue(JsonHttpResponseCodec.java:40)
	at org.openqa.selenium.remote.http.AbstractHttpResponseCodec.decode(AbstractHttpResponseCodec.java:80)
	at org.openqa.selenium.remote.http.AbstractHttpResponseCodec.decode(AbstractHttpResponseCodec.java:44)
	at org.openqa.selenium.remote.HttpCommandExecutor.execute(HttpCommandExecutor.java:158)
	at org.openqa.selenium.remote.service.DriverCommandExecutor.execute(DriverCommandExecutor.java:83)
	at org.openqa.selenium.remote.RemoteWebDriver.execute(RemoteWebDriver.java:548)
	at org.openqa.selenium.remote.RemoteWebDriver.findElement(RemoteWebDriver.java:322)
	at org.openqa.selenium.remote.RemoteWebDriver.findElementByXPath(RemoteWebDriver.java:424)
	at org.openqa.selenium.By$ByXPath.findElement(By.java:353)
	at org.openqa.selenium.remote.RemoteWebDriver.findElement(RemoteWebDriver.java:314)
	at org.openqa.selenium.support.pagefactory.DefaultElementLocator.findElement(DefaultElementLocator.java:69)
	at org.openqa.selenium.support.pagefactory.internal.LocatingElementHandler.invoke(LocatingElementHandler.java:38)
	at com.sun.proxy.$Proxy9.click(Unknown Source)
	at com.crm.qa.pagespack.HomePage.addTask(HomePage.java:63)
	at com.crm.qa.testcasespack.AddTaskPageTest.submitAddTask(AddTaskPageTest.java:39)
... Removed 33 stack frames</pre></div><a href='#' onClick='toggleBox("stack-trace65982709", this, "Click to show all stack frames", "Click to hide stack frames")'>Click to show all stack frames</a>
<div class='stack-trace' id='stack-trace65982709'><pre>org.openqa.selenium.NoSuchElementException: no such element: Unable to locate element: {&quot;method&quot;:&quot;xpath&quot;,&quot;selector&quot;:&quot;//button[contains(text(),&apos;Add Task&apos;)]&quot;}
  (Session info: chrome=72.0.3626.121)
  (Driver info: chromedriver=2.42.591088 (7b2b2dca23cca0862f674758c9a3933e685c27d5),platform=Windows NT 6.3.9600 x86_64) (WARNING: The server did not provide any stacktrace information)
Command duration or timeout: 0 milliseconds
For documentation on this error, please visit: http://seleniumhq.org/exceptions/no_such_element.html
Build info: version: &apos;3.14.0&apos;, revision: &apos;aacccce0&apos;, time: &apos;2018-08-02T20:19:58.91Z&apos;
System info: host: &apos;KULDY&apos;, ip: &apos;192.168.0.102&apos;, os.name: &apos;Windows 8.1&apos;, os.arch: &apos;amd64&apos;, os.version: &apos;6.3&apos;, java.version: &apos;1.8.0_201&apos;
Driver info: org.openqa.selenium.chrome.ChromeDriver
Capabilities {acceptInsecureCerts: false, acceptSslCerts: false, applicationCacheEnabled: false, browserConnectionEnabled: false, browserName: chrome, chrome: {chromedriverVersion: 2.42.591088 (7b2b2dca23cca0..., userDataDir: C:\Windows\TEMP\scoped_dir3...}, cssSelectorsEnabled: true, databaseEnabled: false, goog:chromeOptions: {debuggerAddress: localhost:51169}, handlesAlerts: true, hasTouchScreen: false, javascriptEnabled: true, locationContextEnabled: true, mobileEmulationEnabled: false, nativeEvents: true, networkConnectionEnabled: false, pageLoadStrategy: normal, platform: XP, platformName: XP, rotatable: false, setWindowRect: true, takesHeapSnapshot: true, takesScreenshot: true, unexpectedAlertBehaviour: , unhandledPromptBehavior: , version: 72.0.3626.121, webStorageEnabled: true}
Session ID: 097cd494149479c704775a9d1d2ba1c9
*** Element info: {Using=xpath, value=//button[contains(text(),&apos;Add Task&apos;)]}
	at sun.reflect.NativeConstructorAccessorImpl.newInstance0(Native Method)
	at sun.reflect.NativeConstructorAccessorImpl.newInstance(NativeConstructorAccessorImpl.java:62)
	at sun.reflect.DelegatingConstructorAccessorImpl.newInstance(DelegatingConstructorAccessorImpl.java:45)
	at java.lang.reflect.Constructor.newInstance(Constructor.java:423)
	at org.openqa.selenium.remote.ErrorHandler.createThrowable(ErrorHandler.java:214)
	at org.openqa.selenium.remote.ErrorHandler.throwIfResponseFailed(ErrorHandler.java:166)
	at org.openqa.selenium.remote.http.JsonHttpResponseCodec.reconstructValue(JsonHttpResponseCodec.java:40)
	at org.openqa.selenium.remote.http.AbstractHttpResponseCodec.decode(AbstractHttpResponseCodec.java:80)
	at org.openqa.selenium.remote.http.AbstractHttpResponseCodec.decode(AbstractHttpResponseCodec.java:44)
	at org.openqa.selenium.remote.HttpCommandExecutor.execute(HttpCommandExecutor.java:158)
	at org.openqa.selenium.remote.service.DriverCommandExecutor.execute(DriverCommandExecutor.java:83)
	at org.openqa.selenium.remote.RemoteWebDriver.execute(RemoteWebDriver.java:548)
	at org.openqa.selenium.remote.RemoteWebDriver.findElement(RemoteWebDriver.java:322)
	at org.openqa.selenium.remote.RemoteWebDriver.findElementByXPath(RemoteWebDriver.java:424)
	at org.openqa.selenium.By$ByXPath.findElement(By.java:353)
	at org.openqa.selenium.remote.RemoteWebDriver.findElement(RemoteWebDriver.java:314)
	at org.openqa.selenium.support.pagefactory.DefaultElementLocator.findElement(DefaultElementLocator.java:69)
	at org.openqa.selenium.support.pagefactory.internal.LocatingElementHandler.invoke(LocatingElementHandler.java:38)
	at com.sun.proxy.$Proxy9.click(Unknown Source)
	at com.crm.qa.pagespack.HomePage.addTask(HomePage.java:63)
	at com.crm.qa.testcasespack.AddTaskPageTest.submitAddTask(AddTaskPageTest.java:39)
	at sun.reflect.NativeMethodAccessorImpl.invoke0(Native Method)
	at sun.reflect.NativeMethodAccessorImpl.invoke(NativeMethodAccessorImpl.java:62)
	at sun.reflect.DelegatingMethodAccessorImpl.invoke(DelegatingMethodAccessorImpl.java:43)
	at java.lang.reflect.Method.invoke(Method.java:498)
	at org.testng.internal.MethodInvocationHelper.invokeMethod(MethodInvocationHelper.java:124)
	at org.testng.internal.Invoker.invokeMethod(Invoker.java:583)
	at org.testng.internal.Invoker.invokeTestMethod(Invoker.java:719)
	at org.testng.internal.Invoker.invokeTestMethods(Invoker.java:989)
	at org.testng.internal.TestMethodWorker.invokeTestMethods(TestMethodWorker.java:125)
	at org.testng.internal.TestMethodWorker.run(TestMethodWorker.java:109)
	at org.testng.TestRunner.privateRun(TestRunner.java:648)
	at org.testng.TestRunner.run(TestRunner.java:505)
	at org.testng.SuiteRunner.runTest(SuiteRunner.java:455)
	at org.testng.SuiteRunner.runSequentially(SuiteRunner.java:450)
	at org.testng.SuiteRunner.privateRun(SuiteRunner.java:415)
	at org.testng.SuiteRunner.run(SuiteRunner.java:364)
	at org.testng.SuiteRunnerWorker.runSuite(SuiteRunnerWorker.java:52)
	at org.testng.SuiteRunnerWorker.run(SuiteRunnerWorker.java:84)
	at org.testng.TestNG.runSuitesSequentially(TestNG.java:1208)
	at org.testng.TestNG.runSuitesLocally(TestNG.java:1137)
	at org.testng.TestNG.runSuites(TestNG.java:1049)
	at org.testng.TestNG.run(TestNG.java:1017)
	at org.apache.maven.surefire.testng.TestNGExecutor.run(TestNGExecutor.java:283)
	at org.apache.maven.surefire.testng.TestNGXmlTestSuite.execute(TestNGXmlTestSuite.java:75)
	at org.apache.maven.surefire.testng.TestNGProvider.invoke(TestNGProvider.java:120)
	at org.apache.maven.surefire.booter.ForkedBooter.invokeProviderInSameClassLoader(ForkedBooter.java:383)
	at org.apache.maven.surefire.booter.ForkedBooter.runSuitesInProcess(ForkedBooter.java:344)
	at org.apache.maven.surefire.booter.ForkedBooter.execute(ForkedBooter.java:125)
	at org.apache.maven.surefire.booter.ForkedBooter.main(ForkedBooter.java:417)
</pre></div></td>
<td>20</td>
<td>com.crm.qa.testcasespack.AddTaskPageTest@4909b8da</td></tr>
</table><p>
<table width='100%' border='1' class='invocation-passed'>
<tr><td colspan='4' align='center'><b>PASSED TESTS</b></td></tr>
<tr><td><b>Test method</b></td>
<td width="30%"><b>Exception</b></td>
<td width="10%"><b>Time (seconds)</b></td>
<td><b>Instance</b></td>
</tr>
<tr>
<td title='com.crm.qa.testcasespack.PeopleAndOrganisationsTest.addNewPersonTest()'><b>addNewPersonTest</b><br>Test class: com.crm.qa.testcasespack.PeopleAndOrganisationsTest<br>Parameters: ramesh, yadav, master, school, guruji, 9.898989801E9, abc1@test, www.abc1.com, puliya No 420</td>
<td></td>
<td>17</td>
<td>com.crm.qa.testcasespack.PeopleAndOrganisationsTest@3a03464</td></tr>
<tr>
<td title='com.crm.qa.testcasespack.PeopleAndOrganisationsTest.addNewPersonTest()'><b>addNewPersonTest</b><br>Test class: com.crm.qa.testcasespack.PeopleAndOrganisationsTest<br>Parameters: mukesh, malhotra, carpenter, aara machin, karigar, 9.898989802E9, abc2@test, www.abc2.com, puliya No 421</td>
<td></td>
<td>16</td>
<td>com.crm.qa.testcasespack.PeopleAndOrganisationsTest@3a03464</td></tr>
<tr>
<td title='com.crm.qa.testcasespack.PeopleAndOrganisationsTest.addNewPersonTest()'><b>addNewPersonTest</b><br>Test class: com.crm.qa.testcasespack.PeopleAndOrganisationsTest<br>Parameters: piku, nautanki, madari, circus, jadugar, 9.898989803E9, abc3@test, www.abc3.com, puliya No 422</td>
<td></td>
<td>16</td>
<td>com.crm.qa.testcasespack.PeopleAndOrganisationsTest@3a03464</td></tr>
<tr>
<td title='com.crm.qa.testcasespack.PeopleAndOrganisationsTest.addNewPersonTest()'><b>addNewPersonTest</b><br>Test class: com.crm.qa.testcasespack.PeopleAndOrganisationsTest<br>Parameters: kaka, singh, budaau, purani madai, khalihar, 9.898989804E9, abc4@test, www.abc4.com, puliya No 423</td>
<td></td>
<td>17</td>
<td>com.crm.qa.testcasespack.PeopleAndOrganisationsTest@3a03464</td></tr>
<tr>
<td title='com.crm.qa.testcasespack.AddTaskPageTest.submitAddTask()'><b>submitAddTask</b><br>Test class: com.crm.qa.testcasespack.AddTaskPageTest<br>Parameters: rahul, 23-Dec-2019, 11.0, 5.0, Call</td>
<td></td>
<td>7</td>
<td>com.crm.qa.testcasespack.AddTaskPageTest@4909b8da</td></tr>
<tr>
<td title='com.crm.qa.testcasespack.AddTaskPageTest.submitAddTask()'><b>submitAddTask</b><br>Test class: com.crm.qa.testcasespack.AddTaskPageTest<br>Parameters: rama, 24-Oct-2019, 6.0, 10.0, Email</td>
<td></td>
<td>7</td>
<td>com.crm.qa.testcasespack.AddTaskPageTest@4909b8da</td></tr>
<tr>
<td title='com.crm.qa.testcasespack.PeopleAndOrganisationsTest.validateAddPerson()'><b>validateAddPerson</b><br>Test class: com.crm.qa.testcasespack.PeopleAndOrganisationsTest</td>
<td></td>
<td>4</td>
<td>com.crm.qa.testcasespack.PeopleAndOrganisationsTest@3a03464</td></tr>
<tr>
<td title='com.crm.qa.testcasespack.HomePageTest.validateAddText()'><b>validateAddText</b><br>Test class: com.crm.qa.testcasespack.HomePageTest</td>
<td></td>
<td>0</td>
<td>com.crm.qa.testcasespack.HomePageTest@6615435c</td></tr>
<tr>
<td title='com.crm.qa.testcasespack.HomePageTest.validateCalendarAndTasks()'><b>validateCalendarAndTasks</b><br>Test class: com.crm.qa.testcasespack.HomePageTest</td>
<td></td>
<td>2</td>
<td>com.crm.qa.testcasespack.HomePageTest@6615435c</td></tr>
<tr>
<td title='com.crm.qa.testcasespack.HomePageTest.validateCases()'><b>validateCases</b><br>Test class: com.crm.qa.testcasespack.HomePageTest</td>
<td></td>
<td>2</td>
<td>com.crm.qa.testcasespack.HomePageTest@6615435c</td></tr>
<tr>
<td title='com.crm.qa.testcasespack.HomePageTest.validatePeopleAndOrganisations()'><b>validatePeopleAndOrganisations</b><br>Test class: com.crm.qa.testcasespack.HomePageTest</td>
<td></td>
<td>2</td>
<td>com.crm.qa.testcasespack.HomePageTest@6615435c</td></tr>
<tr>
<td title='com.crm.qa.testcasespack.HomePageTest.validateSalesPipeline()'><b>validateSalesPipeline</b><br>Test class: com.crm.qa.testcasespack.HomePageTest</td>
<td></td>
<td>2</td>
<td>com.crm.qa.testcasespack.HomePageTest@6615435c</td></tr>
<tr>
<td title='com.crm.qa.testcasespack.HomePageTest.validatedashBoardButton()'><b>validatedashBoardButton</b><br>Test class: com.crm.qa.testcasespack.HomePageTest</td>
<td></td>
<td>0</td>
<td>com.crm.qa.testcasespack.HomePageTest@6615435c</td></tr>
</table><p>
</body>
</html>